0:100  0:100  MemLog inited, TSC freq: 2194917154
0:100  0:000  CPU was calibrated with ACPI PM Timer
0:100  0:000  
0:100  0:000  Now is 8.7.2018,  13:51:58 (GMT)
0:100  0:000  Starting Clover revision: 4439 on American Megatrends EFI
0:100  0:000  Build with: [Args: -D NO_GRUB_DRIVERS_EMBEDDED -t XCODE8 | -D NO_GRUB_DRIVERS_EMBEDDED -D USE_LOW_EBDA -a X64 -b RELEASE -t XCODE8 -n 5 | OS: 10.12.6 | XCODE: 9.2]
0:100  0:000  SelfDevicePath=PciRoot(0x0)\Pci(0x1F,0x2)\Sata(0x0,0xFFFF,0x0)\HD(1,GPT,BA0DEB5E-C1D2-46ED-BDC1-9F448B1C9758,0x800,0x64000) @A19E9B18
0:100  0:000  SelfDirPath = \EFI\BOOT
0:100  0:000  === [ Get Smbios ] ========================================
0:100  0:000  Type 16 Index = 0
0:100  0:000  Total Memory Slots Count = 1
0:100  0:000  Type 17 Index = 0
0:100  0:000  SmbiosTable.Type17->Speed = 1600MHz
0:100  0:000  SmbiosTable.Type17->Size = 8192MB
0:100  0:000  SmbiosTable.Type17->Bank/Device = BANK 0 DIMM_A
0:100  0:000  SmbiosTable.Type17->Vendor = Kingston
0:100  0:000  SmbiosTable.Type17->SerialNumber = 212C9F78
0:100  0:000  SmbiosTable.Type17->PartNumber = 9905428-123.A00LF 
0:100  0:000  Boot status=0
0:100  0:000  Running on: 'Inspiron 3443' with board '0W2K2M'
0:100  0:000  === [ GetCPUProperties ] ==================================
0:100  0:000  CPU Vendor = 756E6547 Model=306D4
0:100  0:000   The CPU supported SSE4.1
0:100  0:000  BrandString = Intel(R) Core(TM) i5-5200U CPU @ 2.20GHz
0:100  0:000   The CPU supported turbo
0:100  0:000  MSR 0x35               20004
0:100  0:000  MSR 0xE2 before patch 1E008408
0:100  0:000  MSR 0xE2 is locked, PM patches will be turned on
0:100  0:000  MSR 0xCE              0005053B_F3011600
0:100  0:000  corrected FLEX_RATIO = 0
0:100  0:000  MSR 0x1B0             00000000
0:100  0:000  FSBFrequency = 114 MHz, DMI FSBFrequency = 100 MHz, Corrected FSBFrequency = 100 MHz
0:100  0:000  MaxDiv/MinDiv: 22.0/5
0:100  0:000  Turbo: 25/25/25/27
0:100  0:000  Features: 0xBFEBFBFF
0:100  0:000  Threads: 4
0:100  0:000  Cores: 2
0:100  0:000  FSB: 100 MHz
0:100  0:000  CPU: 2500 MHz
0:100  0:000  TSC: 2500 MHz
0:100  0:000  PIS: 100 MHz
0:100  0:000  ExternalClock: 25 MHz
0:100  0:000  === [ GetDevices ] ========================================
0:100  0:000  PCI (00|00:00.00) : 8086 1604 class=060000
0:100  0:000  PCI (00|00:02.00) : 8086 1616 class=030000
0:100  0:000   - GFX: Model=Intel HD Graphics 5500 (Intel)
0:100  0:000  PCI (00|00:03.00) : 8086 160C class=040300
0:100  0:000  PCI (00|00:04.00) : 8086 1603 class=118000
0:100  0:000  PCI (00|00:14.00) : 8086 9CB1 class=0C0330
0:100  0:000  PCI (00|00:16.00) : 8086 9CBA class=078000
0:100  0:000  PCI (00|00:16.01) : FFFF FFFF class=FFFFFF
0:100  0:000  PCI (00|00:1B.00) : 8086 9CA0 class=040300
0:100  0:000  PCI (00|00:1C.00) : 8086 9C90 class=060400
0:100  0:000  PCI (00|00:1C.02) : 8086 9C94 class=060400
0:100  0:000  PCI (00|06:00.00) : 14E4 43B1 class=028000
0:100  0:000   - WIFI: Vendor=Broadcom
0:100  0:000  PCI (00|00:1C.03) : 8086 9C96 class=060400
0:100  0:000  PCI (00|07:00.00) : 10EC 8136 class=020000
0:100  0:000   - LAN: 0 Vendor=Realtek
0:100  0:000  PCI (00|00:1C.04) : 8086 9C98 class=060400
0:100  0:000  PCI (00|08:00.00) : 10DE 1140 class=030200
0:100  0:000  PCI (00|00:1D.00) : 8086 9CA6 class=0C0320
0:100  0:000  PCI (00|00:1F.00) : 8086 9CC3 class=060100
0:100  0:000  PCI (00|00:1F.02) : 8086 9C83 class=010601
0:100  0:000  PCI (00|00:1F.03) : 8086 9CA2 class=0C0500
0:100  0:000  === [ GetDefaultSettings ] ================================
0:100  0:000  Clover load options size = 0 bytes
0:111  0:010  EFI\CLOVER\config.plist loaded: Success
0:112  0:000  === [ GetListOfThemes ] ===================================
0:112  0:000  - [00]: bluemac
0:113  0:000  === [ Found config plists ] ===============================
0:113  0:000  - config.plist
0:113  0:000  === [ GetEarlyUserSettings ] ==============================
0:113  0:000  timeout set to 3
0:113  0:000  Custom boot CUSTOM_BOOT_DISABLED (0x0)
0:113  0:000  KextsToPatch: 10 requested
0:113  0:000   - [00]: AppleIntelBDWGraphicsFramebuffer (1536M->2048M) :: BinPatch :: data len: 16
0:113  0:000   - [01]: AppleIntelBDWGraphicsFramebuffer (HDMI-audio, port 0105, 0x16160002) :: BinPatch :: data len: 12
0:113  0:000   - [02]: AppleIntelBDWGraphicsFramebuffer (HDMI-audio, port 0204, 0x16160002) :: BinPatch :: data len: 12
0:113  0:000   - [03]: com.apple.driver.AppleIntelBDWGraphicsFramebuffer (HDMI-audio, port 0105, 0x16260006) :: BinPatch :: data len: 12
0:113  0:000   - [04]: com.apple.driver.AppleIntelBDWGraphicsFramebuffer (HDMI-audio, port 0204, 0x16260006) :: BinPatch :: data len: 12
0:113  0:000   - [05]: com.apple.iokit.IOAHCIBlockStorage (Enable TRIM for SSD) :: BinPatch :: data len: 11
0:113  0:000   - [06]: AppleHDA (Zeroing 10ec0261 codec (patched by AppleHDA Patcher.app)) :: BinPatch :: data len: 4
0:113  0:000   - [07]: AppleHDA (Zeroing 10ec0262 codec (patched by AppleHDA Patcher.app)) :: BinPatch :: data len: 4
0:113  0:000   - [08]: AppleHDA (Zeroing 10ec0885 codec (patched by AppleHDA Patcher.app)) :: BinPatch :: data len: 4
0:113  0:000   - [09]: AppleHDA (Patching 11d41984 with 10ec0255 codec (patched by AppleHDA Patcher.app)) :: BinPatch :: data len: 4
0:113  0:000  Default theme: bluemac
0:113  0:000  Hiding entries with string vmlinuz
0:113  0:000  Hiding entries with string preboot
0:113  0:000  Hiding entries with string Recovery
0:113  0:000  Custom entry boot CUSTOM_BOOT_DISABLED (0x0)
0:113  0:000   Custom EDID is ok
0:113  0:000  === [ LoadDrivers ] =======================================
0:113  0:000  Loading AppleImageCodec-64.efi  status=Success
0:114  0:000  Loading AppleUITheme-64.efi  status=Success
0:115  0:000  Loading DataHubDxe-64.efi  status=Success
0:117  0:002  Loading AppleKeyAggregator-64.efi  status=Success
0:118  0:000  Loading apfs.efi  status=Success
0:122  0:003   - driver needs connecting
0:122  0:000  Loading VBoxHfs-64.efi  status=Success
0:123  0:001   - driver needs connecting
0:123  0:000  Loading FSInject-64.efi  status=Success
0:123  0:000  Loading FirmwareVolume-64.efi  status=Success
0:124  0:000  Loading SMCHelper-64.efi  status=Success
0:124  0:000  Loading OsxAptioFixDrv-64.efi  status=Success
0:124  0:000  2 drivers needs connecting ...
0:124  0:000  PlatformDriverOverrideProtocol not found. Installing ... Success
0:124  0:000  APFS driver loaded
0:124  0:000  Searching for invalid DiskIo BY_DRIVER connects: not found, all ok
0:604  0:479  === [ InitScreen ] ========================================
0:604  0:000  SetMaxResolution: found best mode 0: 1920x1080
0:604  0:000   - already set
0:604  0:000  Console modes reported: 4, available modes:
0:604  0:000   - [01]: 80x25 (current mode)
0:604  0:000   - [02]: 80x25
0:604  0:000   - [03]: 100x31
0:604  0:000   - [04]: 240x56
0:604  0:000  reinit: self device path=PciRoot(0x0)\Pci(0x1F,0x2)\Sata(0x0,0xFFFF,0x0)\HD(1,GPT,BA0DEB5E-C1D2-46ED-BDC1-9F448B1C9758,0x800,0x64000)
0:605  0:000  Using embedded font: Success
0:606  0:000  === [ GetMacAddress ] =====================================
0:606  0:000  MAC address of LAN #0= C0:F6:4F:18:80:FF:
0:606  0:000  MAC address of LAN #1= C0:F6:4F:18:80:FF:
0:606  0:000  MAC address of LAN #2= C0:F6:4F:18:80:FF:
0:606  0:000  MAC address of LAN #3= C0:F6:4F:18:80:FF:
0:606  0:000  === [ ScanSPD ] ===========================================
0:606  0:000  SMBus device : 8086 9CA2 class=0C0500 status=Success
0:606  0:000  SMBus CmdReg: 0x3
0:606  0:000  Scanning SMBus [8086:9CA2], mmio: 0xAB120004, ioport: 0x5040, hostc: 0x11
0:606  0:000  Slots to scan [8]...
0:606  0:000  SPD[0]: Type 11 @0x50
0:624  0:017  Not using XMP because it is not present
0:624  0:000  DDR speed 1600MHz
0:624  0:000  Slot: 0 Type 24 8192MB 1600MHz Vendor=Kingston PartNo=9905428-123.A00LF SerialNo=0201020C090F0708
0:625  0:000  === [ GetAcpiTablesList ] =================================
0:626  0:000  Get Acpi Tables List from RSDT:
0:626  0:000   - [00]: FACP  WN09    len=132
0:626  0:000   - [01]: APIC  WN09    len=132
0:626  0:000   - [02]: FPDT  WN09    len=68
0:626  0:000   - [03]: FIDT  WN09    len=156
0:626  0:000   - [04]: MCFG  WN09 len=60
0:626  0:000   - [05]: HPET  WN09 len=56
0:626  0:000   - [06]: SSDT  SataTabl len=789
0:626  0:000   - [07]: UEFI   len=66
0:626  0:000   - [08]: MSDM  WN09    len=85
0:626  0:000   - [09]: SSDT  zpodd len=404
0:626  0:000   - [10]: LPIT   len=148
0:626  0:000   - [11]: SSDT  Ther_Rvp len=3197
0:626  0:000   - [12]: ASF!   HCG len=160
0:626  0:000   - [13]: SLIC  WN09    len=374
0:626  0:000   - [14]: SSDT  Cpu0Ist len=1337
0:626  0:000   - [15]: SSDT  CpuSsdt len=2932
0:626  0:000   - [16]: SSDT  SaSsdt  len=23620
0:626  0:000   - [17]: SSDT  SgPch len=1696
0:626  0:000   - [18]: DMAR  WN09 len=172
0:626  0:000   - [19]: CSRT  WN09 len=196
0:626  0:000   - [20]: BGRT  WN09    len=56
0:626  0:000   - [21]: SSDT  OptTabl len=6170
0:626  0:000  Calibrated TSC Frequency = 2194917154 = 2194MHz
0:626  0:000  === [ GetUserSettings ] ===================================
0:626  0:000   Custom EDID is ok
0:626  0:000  Can't install EdidOverride on ImageHandle
0:626  0:000  USB FixOwnership: no
0:626  0:000  Dropping 3 tables:
0:626  0:000   - [00]: Drop table  signature="DMAR" (52414D44)
0:626  0:000           - set table: 52414D44,                0 to drop: yes
0:626  0:000   - [01]: Drop table  signature="SSDT" (54445353) table-id="CpuPm" (0000006D50757043)
0:626  0:000           - set table: 54445353,       6D50757043 to drop: no
0:626  0:000   - [02]: Drop table  signature="SSDT" (54445353) table-id="Cpu0Ist" (0074734930757043)
0:626  0:000           - set table: 54445353,   74734930757043 to drop: yes
0:626  0:000   - final DSDT Fix mask=00000000
0:626  0:000  PatchesDSDT: 3 requested
0:626  0:000   - [00]: (Rename _DSM to XDSM) lenToFind: 4, lenToReplace: 4, Target Bridge: <null string>
0:626  0:000   - [01]: (change EHC1 to EH01) lenToFind: 4, lenToReplace: 4, Target Bridge: <null string>
0:626  0:000   - [02]: (change EHC2 to EH02) lenToFind: 4, lenToReplace: 4, Target Bridge: <null string>
0:626  0:000  Using ProductName from config: MacBookPro12,1
0:626  0:000  Found same BiosVersion in clover and config
0:626  0:000  BiosVersion: MBP121.88Z.0174.B00.1802021047
0:626  0:000  BiosReleaseDate: 02/02/2018
0:626  0:000  Using FirmwareFeatures from config: 0xFC0FE137
0:626  0:000  Using FirmwareFeaturesMask from config: 0xFF1FFF3F
0:626  0:000  Board-ID set from config as Mac-E43C1C25D4880AD6
0:626  0:000  BoardType: 0xA
0:626  0:000  ChassisType: 0x9
0:626  0:000  Converted CustomUUID 5C09AD7E-D6F1-3F53-B83A-339F7ADDD93B
1:528  0:902  === [ ScanVolumes ] =======================================
1:528  0:000  Found 14 volumes with blockIO
1:528  0:000  - [00]: Volume: PciRoot(0x0)\Pci(0x1F,0x2)\Sata(0x0,0xFFFF,0x0)
1:529  0:000  - [01]: Volume: PciRoot(0x0)\Pci(0x1F,0x2)\Sata(0x1,0xFFFF,0x0)
1:532  0:003  - [02]: Volume: PciRoot(0x0)\Pci(0x1F,0x2)\Sata(0x0,0xFFFF,0x0)\HD(1,GPT,BA0DEB5E-C1D2-46ED-BDC1-9F448B1C9758,0x800,0x64000)
1:533  0:000          Result of bootcode detection: bootable Windows (win)
1:533  0:000          This is SelfVolume !!
1:533  0:000  - [03]: Volume: PciRoot(0x0)\Pci(0x1F,0x2)\Sata(0x0,0xFFFF,0x0)\HD(2,GPT,9E2D6305-C841-4D34-9D57-2EAE73BD2A0E,0x64800,0x28A000)
1:534  0:000          Result of bootcode detection: bootable Windows (vista,win)
1:534  0:000  - [04]: Volume: PciRoot(0x0)\Pci(0x1F,0x2)\Sata(0x0,0xFFFF,0x0)\HD(3,GPT,E5A50A7C-520C-4EBE-851A-9811B6F51ADB,0x2EE800,0x12AD6666)
1:535  0:000          Result of bootcode detection: bootable Windows (vista,win)
1:535  0:000  - [05]: Volume: PciRoot(0x0)\Pci(0x1F,0x2)\Sata(0x0,0xFFFF,0x0)\HD(4,GPT,0032EB75-B51D-4BA6-BE9C-E02E5296FF37,0x12DC4E68,0x7682198)
1:535  0:000          Result of bootcode detection: bootable unknown (legacy)
1:535  0:000  - [06]: Volume: PciRoot(0x0)\Pci(0x1F,0x2)\Sata(0x0,0xFFFF,0x0)\HD(5,GPT,09ECB570-9377-4078-A8FD-5DAFC814E483,0x1A447000,0x2C8A800)
1:536  0:000  - [07]: Volume: PciRoot(0x0)\Pci(0x1F,0x2)\Sata(0x0,0xFFFF,0x0)\HD(6,GPT,4E7DA329-E031-44B4-8EAF-7818368A836A,0x1D0D1800,0xF4000)
1:536  0:000  - [08]: Volume: PciRoot(0x0)\Pci(0x1F,0x2)\Sata(0x1,0xFFFF,0x0)\HD(1,GPT,9F3053F2-EA92-11E7-A8E2-B63CF720F1B8,0xAF028,0x32000000)
1:620  0:083          Result of bootcode detection: bootable unknown (legacy)
1:620  0:000  - [09]: Volume: PciRoot(0x0)\Pci(0x1F,0x2)\Sata(0x1,0xFFFF,0x0)\HD(2,GPT,4271A5AE-3DA2-48E9-A9DE-B897C6440CF5,0x320B0000,0x8296008)
1:621  0:000  - [10]: Volume: PciRoot(0x0)\Pci(0x1F,0x2)\Sata(0x0,0xFFFF,0x0)\HD(4,GPT,0032EB75-B51D-4BA6-BE9C-E02E5296FF37,0x12DC4E68,0x7682198)\VenMedia(BE74FCF7-0B7C-49F3-9147-01F4042E6842,F7704768014CFA45B09F2BC682564A74)
1:621  0:000          hiding this volume
1:621  0:000  - [11]: Volume: PciRoot(0x0)\Pci(0x1F,0x2)\Sata(0x0,0xFFFF,0x0)\HD(4,GPT,0032EB75-B51D-4BA6-BE9C-E02E5296FF37,0x12DC4E68,0x7682198)\VenMedia(BE74FCF7-0B7C-49F3-9147-01F4042E6842,D639CB865F018B42B3BF669B0A0FC00F)
1:621  0:000  - [12]: Volume: PciRoot(0x0)\Pci(0x1F,0x2)\Sata(0x0,0xFFFF,0x0)\HD(4,GPT,0032EB75-B51D-4BA6-BE9C-E02E5296FF37,0x12DC4E68,0x7682198)\VenMedia(BE74FCF7-0B7C-49F3-9147-01F4042E6842,C523D5992E01B04E9A161980C92BABE1)
1:621  0:000          hiding this volume
1:621  0:000  - [13]: Volume: PciRoot(0x0)\Pci(0x1F,0x2)\Sata(0x0,0xFFFF,0x0)\HD(4,GPT,0032EB75-B51D-4BA6-BE9C-E02E5296FF37,0x12DC4E68,0x7682198)\VenMedia(BE74FCF7-0B7C-49F3-9147-01F4042E6842,9987D7436C0E764D83947E27F56E75A3)
1:621  0:000  === [ InitTheme ] =========================================
1:628  0:006  Using theme 'bluemac' (EFI\CLOVER\themes\bluemac)
1:628  0:000  OS main and drive as badge
1:631  0:002  Loading font from ThemeDir: Success
1:631  0:000  Choosing theme bluemac
1:631  0:000  after NVRAM boot-args=dart=0 darkwake=0 brcmfx-country=#a -brcmfxbeta -lilubeta
1:631  0:000  === [ Dump SMC keys from NVRAM ] ==========================
1:631  0:000  found AppleSMC protocol
1:668  0:036  Registered 17 SMC keys
1:669  0:001  === [ AddCustomEntries ] ==================================
1:669  0:000  Custom entry 0 skipped because it is hidden.
1:669  0:000  === [ ScanLoader ] ========================================
1:669  0:000  - [02]: 'EFI'
1:671  0:001          AddLoaderEntry for Volume Name=EFI
1:671  0:000      Not match custom entry 0: Volume: not match, Path: match, Type: match
1:678  0:006          AddLoaderEntry for Volume Name=EFI
1:678  0:000      Not match custom entry 0: Volume: not match, Path: not match, Type: not match
1:678  0:000          [!] Icon 19 (icons\vol_internal_ext3.icns) not found (path: EFI\CLOVER\themes\bluemac)
1:683  0:005  - [03]: 'SSD-PE'
1:684  0:001          AddLoaderEntry for Volume Name=SSD-PE
1:684  0:000      Skipped because matching custom entry 0!
1:687  0:002  - [04]: 'SSD-DATA'
1:688  0:001  - [09]: 'MacOS_Backup'
1:711  0:023  - [10]: 'Preboot', hidden
1:711  0:000  - [11]: 'MacOS'
1:738  0:026          AddLoaderEntry for Volume Name=MacOS
1:738  0:000      Not match custom entry 0: Volume: not match, Path: not match, Type: not match
1:751  0:012      Check if volume Is Hibernated:
1:751  0:000      Check sleep image 'by signature':
1:771  0:020      read prefs \Library\Preferences\com.apple.PowerManagement.plist status=Success
1:771  0:000      using default sleep image name = \private\var\vm\sleepimage
1:783  0:011      sleepimage not found -> Not Found
1:783  0:000      hibernated: no - sign
1:784  0:001          [!] Icon 17 (icons\vol_internal_hfs.icns) not found (path: EFI\CLOVER\themes\bluemac)
1:796  0:012  - [12]: 'Recovery', hidden
1:796  0:000  - [13]: 'VM'
1:798  0:001  === [ AddCustomTool ] =====================================
1:798  0:000  found tool \EFI\CLOVER\tools\Shell64U.efi
1:798  0:000  Checking EFI partition Volume 2 for Clover
1:798  0:000   Found Clover
1:801  0:002  === [ GetEfiBootDeviceFromNvram ] =========================
1:801  0:000   - efi-boot-device-data: PciRoot(0x0)\Pci(0x1F,0x2)\Sata(0x0,0xFFFF,0x0)\HD(4,GPT,0032EB75-B51D-4BA6-BE9C-E02E5296FF37,0x12DC4E68,0x7682198)\VenMedia(BE74FCF7-0B7C-49F3-9147-01F4042E6842,D639CB865F018B42B3BF669B0A0FC00F)
1:801  0:000    - Volume: 'PciRoot(0x0)\Pci(0x1F,0x2)\Sata(0x0,0xFFFF,0x0)\HD(4,GPT,0032EB75-B51D-4BA6-BE9C-E02E5296FF37,0x12DC4E68,0x7682198)\VenMedia(BE74FCF7-0B7C-49F3-9147-01F4042E6842,D639CB865F018B42B3BF669B0A0FC00F)'
1:801  0:000    - LoaderPath: '<null string>'
1:801  0:000    - Guid = 0032EB75-B51D-4BA6-BE9C-E02E5296FF37
1:801  0:000  === [ FindStartupDiskVolume ] =============================
1:801  0:000    - Volume: partition = PciRoot(0x0)\Pci(0x1F,0x2)\Sata(0x0,0xFFFF,0x0)\HD(4,GPT,0032EB75-B51D-4BA6-BE9C-E02E5296FF37,0x12DC4E68,0x7682198)\VenMedia(BE74FCF7-0B7C-49F3-9147-01F4042E6842,D639CB865F018B42B3BF669B0A0FC00F)
1:801  0:000     - searching for that partition
1:801  0:000      - found entry 2. 'Boot macOS from MacOS', Volume 'MacOS'
1:801  0:000  Boot redirected to Entry 2. 'Boot macOS from MacOS'
1:801  0:000  DefaultIndex=2 and MainMenu.EntryCount=9
2:150  0:348  GUI ready
5:189  3:039  ReinitSelfLib after theme change
5:189  0:000  reinit: self device path=PciRoot(0x0)\Pci(0x1F,0x2)\Sata(0x0,0xFFFF,0x0)\HD(1,GPT,BA0DEB5E-C1D2-46ED-BDC1-9F448B1C9758,0x800,0x64000)
5:189  0:000  === [ ScanVolumes ] =======================================
5:189  0:000  Found 14 volumes with blockIO
5:189  0:000  - [00]: Volume: PciRoot(0x0)\Pci(0x1F,0x2)\Sata(0x0,0xFFFF,0x0)
5:191  0:001  - [01]: Volume: PciRoot(0x0)\Pci(0x1F,0x2)\Sata(0x1,0xFFFF,0x0)
5:194  0:003  - [02]: Volume: PciRoot(0x0)\Pci(0x1F,0x2)\Sata(0x0,0xFFFF,0x0)\HD(1,GPT,BA0DEB5E-C1D2-46ED-BDC1-9F448B1C9758,0x800,0x64000)
5:195  0:000          Result of bootcode detection: bootable Windows (win)
5:195  0:000          This is SelfVolume !!
5:195  0:000  - [03]: Volume: PciRoot(0x0)\Pci(0x1F,0x2)\Sata(0x0,0xFFFF,0x0)\HD(2,GPT,9E2D6305-C841-4D34-9D57-2EAE73BD2A0E,0x64800,0x28A000)
5:196  0:000          Result of bootcode detection: bootable Windows (vista,win)
5:196  0:000  - [04]: Volume: PciRoot(0x0)\Pci(0x1F,0x2)\Sata(0x0,0xFFFF,0x0)\HD(3,GPT,E5A50A7C-520C-4EBE-851A-9811B6F51ADB,0x2EE800,0x12AD6666)
5:196  0:000          Result of bootcode detection: bootable Windows (vista,win)
5:196  0:000  - [05]: Volume: PciRoot(0x0)\Pci(0x1F,0x2)\Sata(0x0,0xFFFF,0x0)\HD(4,GPT,0032EB75-B51D-4BA6-BE9C-E02E5296FF37,0x12DC4E68,0x7682198)
5:197  0:000          Result of bootcode detection: bootable unknown (legacy)
5:197  0:000  - [06]: Volume: PciRoot(0x0)\Pci(0x1F,0x2)\Sata(0x0,0xFFFF,0x0)\HD(5,GPT,09ECB570-9377-4078-A8FD-5DAFC814E483,0x1A447000,0x2C8A800)
5:197  0:000  - [07]: Volume: PciRoot(0x0)\Pci(0x1F,0x2)\Sata(0x0,0xFFFF,0x0)\HD(6,GPT,4E7DA329-E031-44B4-8EAF-7818368A836A,0x1D0D1800,0xF4000)
5:198  0:000  - [08]: Volume: PciRoot(0x0)\Pci(0x1F,0x2)\Sata(0x1,0xFFFF,0x0)\HD(1,GPT,9F3053F2-EA92-11E7-A8E2-B63CF720F1B8,0xAF028,0x32000000)
5:293  0:094          Result of bootcode detection: bootable unknown (legacy)
5:293  0:000  - [09]: Volume: PciRoot(0x0)\Pci(0x1F,0x2)\Sata(0x1,0xFFFF,0x0)\HD(2,GPT,4271A5AE-3DA2-48E9-A9DE-B897C6440CF5,0x320B0000,0x8296008)
5:293  0:000  - [10]: Volume: PciRoot(0x0)\Pci(0x1F,0x2)\Sata(0x0,0xFFFF,0x0)\HD(4,GPT,0032EB75-B51D-4BA6-BE9C-E02E5296FF37,0x12DC4E68,0x7682198)\VenMedia(BE74FCF7-0B7C-49F3-9147-01F4042E6842,F7704768014CFA45B09F2BC682564A74)
5:293  0:000  - [11]: Volume: PciRoot(0x0)\Pci(0x1F,0x2)\Sata(0x0,0xFFFF,0x0)\HD(4,GPT,0032EB75-B51D-4BA6-BE9C-E02E5296FF37,0x12DC4E68,0x7682198)\VenMedia(BE74FCF7-0B7C-49F3-9147-01F4042E6842,D639CB865F018B42B3BF669B0A0FC00F)
5:294  0:000  - [12]: Volume: PciRoot(0x0)\Pci(0x1F,0x2)\Sata(0x0,0xFFFF,0x0)\HD(4,GPT,0032EB75-B51D-4BA6-BE9C-E02E5296FF37,0x12DC4E68,0x7682198)\VenMedia(BE74FCF7-0B7C-49F3-9147-01F4042E6842,C523D5992E01B04E9A161980C92BABE1)
5:294  0:000  - [13]: Volume: PciRoot(0x0)\Pci(0x1F,0x2)\Sata(0x0,0xFFFF,0x0)\HD(4,GPT,0032EB75-B51D-4BA6-BE9C-E02E5296FF37,0x12DC4E68,0x7682198)\VenMedia(BE74FCF7-0B7C-49F3-9147-01F4042E6842,9987D7436C0E764D83947E27F56E75A3)
5:294  0:000  Choosing theme bluemac
5:294  0:000  after NVRAM boot-args=dart=0 darkwake=0 brcmfx-country=#a -brcmfxbeta -lilubeta
5:294  0:000  === [ AddCustomEntries ] ==================================
5:294  0:000  Custom entry 0 Title:"WinPE" Path:"\efi\microsoft\boot\bootmgfw.efi" Options:"-s -h" Type:7 Flags:0x40 matching Volume:"9E2D6305-C841-4D34-9D57-2EAE73BD2A0E"
5:294  0:000      Checking volume "EFI" (PciRoot(0x0)\Pci(0x1F,0x2)\Sata(0x0,0xFFFF,0x0)\HD(1,GPT,BA0DEB5E-C1D2-46ED-BDC1-9F448B1C9758,0x800,0x64000)) ... skipped
5:294  0:000      Checking volume "SSD-PE" (PciRoot(0x0)\Pci(0x1F,0x2)\Sata(0x0,0xFFFF,0x0)\HD(2,GPT,9E2D6305-C841-4D34-9D57-2EAE73BD2A0E,0x64800,0x28A000)) ... match!
5:297  0:003  Custom settings: <null string>.plist will  be applied
5:297  0:000      Checking volume "SSD-DATA" (PciRoot(0x0)\Pci(0x1F,0x2)\Sata(0x0,0xFFFF,0x0)\HD(3,GPT,E5A50A7C-520C-4EBE-851A-9811B6F51ADB,0x2EE800,0x12AD6666)) ... skipped
5:297  0:000      Checking volume "MacOS_Backup" (PciRoot(0x0)\Pci(0x1F,0x2)\Sata(0x1,0xFFFF,0x0)\HD(2,GPT,4271A5AE-3DA2-48E9-A9DE-B897C6440CF5,0x320B0000,0x8296008)) ... skipped
5:297  0:000      Checking volume "Preboot" (PciRoot(0x0)\Pci(0x1F,0x2)\Sata(0x0,0xFFFF,0x0)\HD(4,GPT,0032EB75-B51D-4BA6-BE9C-E02E5296FF37,0x12DC4E68,0x7682198)\VenMedia(BE74FCF7-0B7C-49F3-9147-01F4042E6842,F7704768014CFA45B09F2BC682564A74)) ... skipped
5:297  0:000      Checking volume "MacOS" (PciRoot(0x0)\Pci(0x1F,0x2)\Sata(0x0,0xFFFF,0x0)\HD(4,GPT,0032EB75-B51D-4BA6-BE9C-E02E5296FF37,0x12DC4E68,0x7682198)\VenMedia(BE74FCF7-0B7C-49F3-9147-01F4042E6842,D639CB865F018B42B3BF669B0A0FC00F)) ... skipped
5:297  0:000      Checking volume "Recovery" (PciRoot(0x0)\Pci(0x1F,0x2)\Sata(0x0,0xFFFF,0x0)\HD(4,GPT,0032EB75-B51D-4BA6-BE9C-E02E5296FF37,0x12DC4E68,0x7682198)\VenMedia(BE74FCF7-0B7C-49F3-9147-01F4042E6842,C523D5992E01B04E9A161980C92BABE1)) ... skipped
5:297  0:000      Checking volume "VM" (PciRoot(0x0)\Pci(0x1F,0x2)\Sata(0x0,0xFFFF,0x0)\HD(4,GPT,0032EB75-B51D-4BA6-BE9C-E02E5296FF37,0x12DC4E68,0x7682198)\VenMedia(BE74FCF7-0B7C-49F3-9147-01F4042E6842,9987D7436C0E764D83947E27F56E75A3)) ... skipped
5:297  0:000  === [ ScanLoader ] ========================================
5:297  0:000  - [02]: 'EFI'
5:298  0:000          AddLoaderEntry for Volume Name=EFI
5:299  0:000          AddLoaderEntry for Volume Name=EFI
5:301  0:001  - [03]: 'SSD-PE'
5:302  0:001          AddLoaderEntry for Volume Name=SSD-PE
5:302  0:000       skipped because path `PciRoot(0x0)\Pci(0x1F,0x2)\Sata(0x0,0xFFFF,0x0)\HD(2,GPT,9E2D6305-C841-4D34-9D57-2EAE73BD2A0E,0x64800,0x28A000)\EFI\microsoft\Boot\bootmgfw.efii` already exists for another entry!
5:305  0:002  - [04]: 'SSD-DATA'
5:306  0:001  - [09]: 'MacOS_Backup'
5:308  0:001  - [10]: 'Preboot'
5:313  0:005          AddLoaderEntry for Volume Name=Preboot
5:318  0:004      Check if volume Is Hibernated:
5:318  0:000      Check sleep image 'by signature':
5:319  0:000      using default sleep image name = \private\var\vm\sleepimage
5:319  0:000      sleepimage not found -> Not Found
5:319  0:000      hibernated: no - sign
5:322  0:002          AddLoaderEntry for Volume Name=Preboot
5:333  0:010  - [11]: 'MacOS'
5:343  0:009          AddLoaderEntry for Volume Name=MacOS
5:349  0:006      Check if volume Is Hibernated:
5:349  0:000      Check sleep image 'by signature':
5:355  0:006      read prefs \Library\Preferences\com.apple.PowerManagement.plist status=Success
5:355  0:000      using default sleep image name = \private\var\vm\sleepimage
5:357  0:002      sleepimage not found -> Not Found
5:357  0:000      hibernated: no - sign
5:371  0:013  - [12]: 'Recovery'
5:375  0:004          AddLoaderEntry for Volume Name=Recovery
5:388  0:012  - [13]: 'VM'
5:389  0:001  === [ AddCustomTool ] =====================================
5:389  0:000  found tool \EFI\CLOVER\tools\Shell64U.efi
5:389  0:000  Checking EFI partition Volume 2 for Clover
5:389  0:000   Found Clover
5:389  0:000  === [ GetEfiBootDeviceFromNvram ] =========================
5:389  0:000  === [ FindStartupDiskVolume ] =============================
5:389  0:000    - Volume: partition = PciRoot(0x0)\Pci(0x1F,0x2)\Sata(0x0,0xFFFF,0x0)\HD(4,GPT,0032EB75-B51D-4BA6-BE9C-E02E5296FF37,0x12DC4E68,0x7682198)\VenMedia(BE74FCF7-0B7C-49F3-9147-01F4042E6842,D639CB865F018B42B3BF669B0A0FC00F)
5:389  0:000     - searching for that partition
5:389  0:000      - found entry 5. 'Boot macOS from MacOS', Volume 'MacOS'
5:389  0:000  Boot redirected to Entry 5. 'Boot macOS from MacOS'
5:389  0:000  DefaultIndex=5 and MainMenu.EntryCount=13
9:417  4:027  Boot option Boot0000 not found
9:417  0:000  === [ StartLoader ] =======================================
9:417  0:000  Finally: ExternalClock=24MHz BusSpeed=99768kHz CPUFreq=2195MHz PIS: hw.busfrequency=96000000Hz
9:417  0:000  Loading bootmgfw.efi  status=Success
9:465  0:047  Closing events for Windows
9:465  0:000  OtherOS: Found Acpi 2.0 RSDP 0xA439E000
9:465  0:000  RSDT at A439E028
9:465  0:000  XSDT at A439E0A8
9:465  0:000  FADT pointer = A43B5160
9:465  0:000  Dir Windows not found. No patching will be done.
9:465  0:000  SetStartupDiskVolume:
9:465  0:000    * Volume: 'EFI'
9:465  0:000    * LoaderPath: '\EFI\microsoft\Boot\bootmgfw.efi'
9:465  0:000    * DevPath: EFI
9:465  0:000    * GUID = BA0DEB5E-C1D2-46ED-BDC1-9F448B1C9758
9:474  0:008    * efi-boot-device: <array><dict><key>IOMatch</key><dict><key>IOProviderClass</key><string>IOMedia</string><key>IOPropertyMatch</key><dict><key>UUID</key><string>BA0DEB5E-C1D2-46ED-BDC1-9F448B1C9758</string></dict></dict></dict></array>
9:485  0:011  Closing log
